<?xml version="1.0" encoding="UTF-8"?>
<testng-results total="2" passed="2" failed="0" skipped="0">
  <reporter-output>
  </reporter-output>
  <suite started-at="2020-04-16T16:58:07Z" name="EMR_Backend_status" finished-at="2020-04-16T17:00:58Z" duration-ms="171475">
    <groups>
    </groups>
    <test started-at="2020-04-16T16:58:07Z" name="Aruna_Labs" finished-at="2020-04-16T17:00:58Z" duration-ms="171475">
      <class name="com.BasicAppiumTest.BasicAppiumTest">
        <test-method is-config="true" signature="setUp()[pri:0, instance:com.BasicAppiumTest.BasicAppiumTest@1cab0bfb]" started-at="2020-04-16T22:28:07Z" name="setUp" finished-at="2020-04-16T22:29:02Z" duration-ms="55439" status="PASS">
          <reporter-output>
          </reporter-output>
        </test-method> <!-- setUp -->
        <test-method signature="alogin()[pri:0, instance:com.BasicAppiumTest.BasicAppiumTest@1cab0bfb]" started-at="2020-04-16T22:29:02Z" name="alogin" finished-at="2020-04-16T22:29:43Z" duration-ms="41112" status="PASS">
          <reporter-output>
          </reporter-output>
        </test-method> <!-- alogin -->
        <test-method signature="create_class()[pri:0, instance:com.BasicAppiumTest.BasicAppiumTest@1cab0bfb]" started-at="2020-04-16T22:29:43Z" name="create_class" finished-at="2020-04-16T22:30:57Z" duration-ms="73466" status="PASS">
          <reporter-output>
          </reporter-output>
        </test-method> <!-- create_class -->
        <test-method is-config="true" signature="tearDown()[pri:0, instance:com.BasicAppiumTest.BasicAppiumTest@1cab0bfb]" started-at="2020-04-16T22:30:57Z" name="tearDown" finished-at="2020-04-16T22:30:58Z" duration-ms="1448" status="PASS">
          <reporter-output>
          </reporter-output>
        </test-method> <!-- tearDown -->
      </class> <!-- com.BasicAppiumTest.BasicAppiumTest -->
    </test> <!-- Aruna_Labs -->
  </suite> <!-- EMR_Backend_status -->
</testng-results>
